<?xml version="1.0" encoding="utf-8"?><testsuites name="pytest tests"><testsuite name="pytest" errors="0" failures="0" skipped="0" tests="23" time="4.737" timestamp="2026-06-17T12:47:59.268901+00:00" hostname="agent-env-20d34c21-25fb-473a-bc74-45a2e824e8f2"><testcase classname="backend.tests.test_phase4.TestIdempotency" name="test_same_key_twice_returns_same_txn" time="1.000" /><testcase classname="backend.tests.test_phase4.TestIdempotency" name="test_no_idempotency_key_works" time="0.108" /><testcase classname="backend.tests.test_phase4.TestIdempotency" name="test_two_different_keys_produce_two_txns" time="0.214" /><testcase classname="backend.tests.test_phase4.TestReconciliation" name="test_reconcile_super_admin_ok" time="0.107" /><testcase classname="backend.tests.test_phase4.TestReconciliation" name="test_reconcile_forbidden_for_officer" time="0.453" /><testcase classname="backend.tests.test_phase4.TestReconciliation" name="test_reconcile_forbidden_for_supply" time="0.444" /><testcase classname="backend.tests.test_phase4.TestReconciliation" name="test_reconciliation_log_super_admin" time="0.096" /><testcase classname="backend.tests.test_phase4.TestReconciliation" name="test_reconciliation_log_auditor" time="0.434" /><testcase classname="backend.tests.test_phase4.TestReconciliation" name="test_reconciliation_log_forbidden_for_officer" time="0.099" /><testcase classname="backend.tests.test_phase4.TestTransactions" name="test_admin_list_all" time="0.116" /><testcase classname="backend.tests.test_phase4.TestTransactions" name="test_filter_by_item_and_dept" time="0.127" /><testcase classname="backend.tests.test_phase4.TestTransactions" name="test_filter_entry_type_issue" time="0.108" /><testcase classname="backend.tests.test_phase4.TestTransactions" name="test_dept_officer_sees_only_own" time="0.211" /><testcase classname="backend.tests.test_phase4.TestReportsEmail" name="test_email_valid_recipient" time="0.150" /><testcase classname="backend.tests.test_phase4.TestReportsEmail" name="test_email_no_valid_recipient" time="0.097" /><testcase classname="backend.tests.test_phase4.TestReportsEmail" name="test_email_forbidden_for_dept_officer" time="0.099" /><testcase classname="backend.tests.test_phase4.TestReportsEmail" name="test_email_allowed_for_supply_officer" time="0.104" /><testcase classname="backend.tests.test_phase4.TestReportsEmail" name="test_email_allowed_for_auditor" time="0.109" /><testcase classname="backend.tests.test_phase4.TestRegression" name="test_items" time="0.099" /><testcase classname="backend.tests.test_phase4.TestRegression" name="test_stock" time="0.103" /><testcase classname="backend.tests.test_phase4.TestRegression" name="test_alerts" time="0.145" /><testcase classname="backend.tests.test_phase4.TestRegression" name="test_kpis" time="0.120" /><testcase classname="backend.tests.test_phase4.TestRegression" name="test_reports_list" time="0.093" /></testsuite></testsuites>