<?xml version="1.0" encoding="utf-8"?><testsuites name="pytest tests"><testsuite name="pytest" errors="0" failures="0" skipped="0" tests="22" time="5.786" timestamp="2026-06-17T12:23:57.842685+00:00" hostname="agent-env-20d34c21-25fb-473a-bc74-45a2e824e8f2"><testcase classname="backend.tests.test_phase3_stock_issue.TestThresholdOrdering" name="test_valid_ordering_200" time="0.945" /><testcase classname="backend.tests.test_phase3_stock_issue.TestThresholdOrdering" name="test_bad_ordering_400" time="0.098" /><testcase classname="backend.tests.test_phase3_stock_issue.TestStockBalanceEndpoint" name="test_returns_thresholds" time="0.136" /><testcase classname="backend.tests.test_phase3_stock_issue.TestPreviewRules" name="test_qty_zero_400" time="0.102" /><testcase classname="backend.tests.test_phase3_stock_issue.TestPreviewRules" name="test_rule1_normal" time="0.102" /><testcase classname="backend.tests.test_phase3_stock_issue.TestPreviewRules" name="test_rule2_below_minimum" time="0.110" /><testcase classname="backend.tests.test_phase3_stock_issue.TestPreviewRules" name="test_rule3_below_critical" time="0.101" /><testcase classname="backend.tests.test_phase3_stock_issue.TestPreviewRules" name="test_rule4_blocked_or_override_path" time="0.100" /><testcase classname="backend.tests.test_phase3_stock_issue.TestExecuteIssue" name="test_rule1_normal_no_alert" time="0.191" /><testcase classname="backend.tests.test_phase3_stock_issue.TestExecuteIssue" name="test_rule2_below_minimum_creates_warning_alert" time="0.202" /><testcase classname="backend.tests.test_phase3_stock_issue.TestExecuteIssue" name="test_rule3_below_critical_creates_danger_alert" time="0.208" /><testcase classname="backend.tests.test_phase3_stock_issue.TestExecuteIssue" name="test_rule5_emergency_without_reason_400" time="0.240" /><testcase classname="backend.tests.test_phase3_stock_issue.TestExecuteIssue" name="test_rule5_emergency_with_reason_200" time="0.307" /><testcase classname="backend.tests.test_phase3_stock_issue.TestExecuteIssue" name="test_insufficient_stock_400" time="0.201" /><testcase classname="backend.tests.test_phase3_stock_issue.TestExecuteIssue" name="test_negative_qty_400" time="0.105" /><testcase classname="backend.tests.test_phase3_stock_issue.TestExecuteIssue" name="test_officer_cross_department_403" time="0.427" /><testcase classname="backend.tests.test_phase3_stock_issue.TestExecuteIssue" name="test_rule4_blocked_non_lifesaving" time="0.741" /><testcase classname="backend.tests.test_phase3_stock_issue.TestAuditLogs" name="test_audit_entries_written" time="0.120" /><testcase classname="backend.tests.test_phase3_stock_issue.TestEscalationRecipients" name="test_get_list" time="0.096" /><testcase classname="backend.tests.test_phase3_stock_issue.TestEscalationRecipients" name="test_upsert_then_clear" time="0.393" /><testcase classname="backend.tests.test_phase3_stock_issue.TestRegression" name="test_login" time="0.321" /><testcase classname="backend.tests.test_phase3_stock_issue.TestRegression" name="test_items_alerts_kpis_reports" time="0.439" /></testsuite></testsuites>