<?xml version="1.0" encoding="utf-8"?><testsuites name="pytest tests"><testsuite name="pytest" errors="2" failures="1" skipped="0" tests="20" time="4.628" timestamp="2026-06-16T20:35:07.713237+00:00" hostname="agent-env-20d34c21-25fb-473a-bc74-45a2e824e8f2"><testcase classname="backend.tests.test_phase2.TestAuthBasic" name="test_login_admin" time="0.492" /><testcase classname="backend.tests.test_phase2.TestAuthBasic" name="test_me" time="0.140" /><testcase classname="backend.tests.test_phase2.TestDashboardKPIs" name="test_new_kpi_fields_present" time="0.116" /><testcase classname="backend.tests.test_phase2.TestRequestStateMachine" name="test_approve_then_double_approve_409" time="0.754"><error message="failed on setup with &quot;AssertionError: {&quot;detail&quot;:[{&quot;type&quot;:&quot;literal_error&quot;,&quot;loc&quot;:[&quot;body&quot;,&quot;priority&quot;],&quot;msg&quot;:&quot;Input should be 'routine', 'urgent' or 'stat'&quot;,&quot;input&quot;:&quot;high&quot;,&quot;ctx&quot;:{&quot;expected&quot;:&quot;'routine', 'urgent' or 'stat'&quot;},&quot;url&quot;:&quot;https://errors.pydantic.dev/2.13/v/literal_error&quot;}]}&#10;assert 422 == 200&#10; +  where 422 = &lt;Response [422]&gt;.status_code&quot;">backend/tests/test_phase2.py:88: in req_id
    assert r.status_code == 200, r.text
E   AssertionError: {"detail":[{"type":"literal_error","loc":["body","priority"],"msg":"Input should be 'routine', 'urgent' or 'stat'","input":"high","ctx":{"expected":"'routine', 'urgent' or 'stat'"},"url":"https://errors.pydantic.dev/2.13/v/literal_error"}]}
E   assert 422 == 200
E    +  where 422 = &lt;Response [422]&gt;.status_code</error></testcase><testcase classname="backend.tests.test_phase2.TestRequestStateMachine" name="test_reject_after_approve_409" time="0.000"><error message="failed on setup with &quot;AssertionError: {&quot;detail&quot;:[{&quot;type&quot;:&quot;literal_error&quot;,&quot;loc&quot;:[&quot;body&quot;,&quot;priority&quot;],&quot;msg&quot;:&quot;Input should be 'routine', 'urgent' or 'stat'&quot;,&quot;input&quot;:&quot;high&quot;,&quot;ctx&quot;:{&quot;expected&quot;:&quot;'routine', 'urgent' or 'stat'&quot;},&quot;url&quot;:&quot;https://errors.pydantic.dev/2.13/v/literal_error&quot;}]}&#10;assert 422 == 200&#10; +  where 422 = &lt;Response [422]&gt;.status_code&quot;">backend/tests/test_phase2.py:88: in req_id
    assert r.status_code == 200, r.text
E   AssertionError: {"detail":[{"type":"literal_error","loc":["body","priority"],"msg":"Input should be 'routine', 'urgent' or 'stat'","input":"high","ctx":{"expected":"'routine', 'urgent' or 'stat'"},"url":"https://errors.pydantic.dev/2.13/v/literal_error"}]}
E   assert 422 == 200
E    +  where 422 = &lt;Response [422]&gt;.status_code</error></testcase><testcase classname="backend.tests.test_phase2.TestRequestStateMachine" name="test_receive_on_pending_400_or_409" time="0.345"><failure message="KeyError: 'id'">backend/tests/test_phase2.py:113: in test_receive_on_pending_400_or_409
    new_id = r.json()["id"]
             ^^^^^^^^^^^^^^
E   KeyError: 'id'</failure></testcase><testcase classname="backend.tests.test_phase2.TestAlertLifecycle" name="test_acknowledge" time="0.215" /><testcase classname="backend.tests.test_phase2.TestAlertLifecycle" name="test_double_acknowledge_409" time="0.105" /><testcase classname="backend.tests.test_phase2.TestAlertLifecycle" name="test_start" time="0.109" /><testcase classname="backend.tests.test_phase2.TestAlertLifecycle" name="test_resolve_with_note" time="0.284" /><testcase classname="backend.tests.test_phase2.TestAlertLifecycle" name="test_close_admin_only" time="0.527" /><testcase classname="backend.tests.test_phase2.TestAlertLifecycle" name="test_close_after_close_409" time="0.102" /><testcase classname="backend.tests.test_phase2.TestSLASettings" name="test_get_sla" time="0.111" /><testcase classname="backend.tests.test_phase2.TestSLASettings" name="test_put_sla_persists" time="0.201" /><testcase classname="backend.tests.test_phase2.TestSLASettings" name="test_put_sla_forbidden_for_officer" time="0.130" /><testcase classname="backend.tests.test_phase2.TestExcelImport" name="test_template_download" time="0.120" /><testcase classname="backend.tests.test_phase2.TestExcelImport" name="test_preview_and_commit" time="0.319" /><testcase classname="backend.tests.test_phase2.TestExcelImport" name="test_import_forbidden_for_officer" time="0.100" /><testcase classname="backend.tests.test_phase2.TestItemsExtendedFields" name="test_create_item_with_phase2_fields" time="0.095" /><testcase classname="backend.tests.test_phase2.TestItemsExtendedFields" name="test_scheduler_running" time="0.112" /></testsuite></testsuites>