<?xml version="1.0" encoding="utf-8"?><testsuites name="pytest tests"><testsuite name="pytest" errors="0" failures="2" skipped="0" tests="25" time="9.977" timestamp="2026-06-16T14:43:19.134506+00:00" hostname="agent-env-20d34c21-25fb-473a-bc74-45a2e824e8f2"><testcase classname="backend.tests.backend_test.TestAuth" name="test_login_admin" time="0.563" /><testcase classname="backend.tests.backend_test.TestAuth" name="test_login_officer" time="0.354" /><testcase classname="backend.tests.backend_test.TestAuth" name="test_login_auditor" time="0.315" /><testcase classname="backend.tests.backend_test.TestAuth" name="test_login_wrong" time="0.358" /><testcase classname="backend.tests.backend_test.TestAuth" name="test_me_endpoint" time="2.097" /><testcase classname="backend.tests.backend_test.TestLockout" name="test_lockout_after_5_fails" time="0.717"><failure message="AssertionError: expected 429 lockout, got 401&#10;assert 401 == 429&#10; +  where 401 = &lt;Response [401]&gt;.status_code">backend/tests/backend_test.py:94: in test_lockout_after_5_fails
    assert r.status_code == 429, f"expected 429 lockout, got {r.status_code}"
E   AssertionError: expected 429 lockout, got 401
E   assert 401 == 429
E    +  where 401 = &lt;Response [401]&gt;.status_code</failure></testcase><testcase classname="backend.tests.backend_test.TestDashboard" name="test_kpis" time="0.116" /><testcase classname="backend.tests.backend_test.TestDepartments" name="test_list_departments" time="0.112" /><testcase classname="backend.tests.backend_test.TestItems" name="test_list_items" time="0.094" /><testcase classname="backend.tests.backend_test.TestItems" name="test_create_item_admin" time="0.206" /><testcase classname="backend.tests.backend_test.TestItems" name="test_create_item_officer_403" time="0.114" /><testcase classname="backend.tests.backend_test.TestStock" name="test_stock_list_admin" time="0.131" /><testcase classname="backend.tests.backend_test.TestStock" name="test_officer_only_sees_own_dept" time="0.103" /><testcase classname="backend.tests.backend_test.TestStock" name="test_admin_set_zero_creates_alert" time="0.403" /><testcase classname="backend.tests.backend_test.TestStock" name="test_life_saving_zero_creates_two_alerts" time="0.572" /><testcase classname="backend.tests.backend_test.TestStock" name="test_officer_cannot_update_other_dept" time="0.297" /><testcase classname="backend.tests.backend_test.TestRequestLifecycle" name="test_full_lifecycle_and_backorder" time="0.959" /><testcase classname="backend.tests.backend_test.TestRequestLifecycle" name="test_dispatch_backorder_creates_alert" time="0.826" /><testcase classname="backend.tests.backend_test.TestAlerts" name="test_acknowledge_alert" time="0.324" /><testcase classname="backend.tests.backend_test.TestAudit" name="test_auditor_can_view" time="0.096" /><testcase classname="backend.tests.backend_test.TestAudit" name="test_officer_forbidden" time="0.176" /><testcase classname="backend.tests.backend_test.TestReports" name="test_reports_data" time="0.298" /><testcase classname="backend.tests.backend_test.TestReports" name="test_export_csv" time="0.111" /><testcase classname="backend.tests.backend_test.TestUserRBAC" name="test_admin_create_user" time="0.320"><failure message="assert 500 == 200&#10; +  where 500 = &lt;Response [500]&gt;.status_code">backend/tests/backend_test.py:352: in test_admin_create_user
    assert r.status_code == 200
E   assert 500 == 200
E    +  where 500 = &lt;Response [500]&gt;.status_code</failure></testcase><testcase classname="backend.tests.backend_test.TestUserRBAC" name="test_officer_cannot_create_user" time="0.100" /></testsuite></testsuites>